<?xml version="1.0" encoding="UTF-8"?>
<Site BuildName="(empty)"
	BuildStamp="20210620-2049-Experimental"
	Name="(empty)"
	Generator="ctest-3.19.6"
	CompilerName=""
	CompilerVersion=""
	OSName="macOS"
	Hostname="MacBook-Pro-de-Evandro.local"
	OSRelease="11.4"
	OSVersion="20F71"
	OSPlatform="x86_64"
	Is64Bits="1"
	VendorString="GenuineIntel"
	VendorID="Intel Corporation"
	FamilyID="6"
	ModelID="142"
	ProcessorCacheSize="32768"
	NumberOfLogicalCPU="8"
	NumberOfPhysicalCPU="4"
	TotalVirtualMemory="4096"
	TotalPhysicalMemory="8192"
	LogicalProcessorsPerPhysical="8"
	ProcessorClockFrequency="2300"
	>
	<Testing>
		<StartDateTime>Jun 20 18:09 -03</StartDateTime>
		<StartTestTime>1624223348</StartTestTime>
		<TestList/>
		<EndDateTime>Jun 20 18:09 -03</EndDateTime>
		<EndTestTime>1624223348</EndTestTime>
		<ElapsedMinutes>0</ElapsedMinutes>
	</Testing>
</Site>
